SF:lib\core\database\moor_database.dart
DA:5,0
DA:6,0
DA:7,0
DA:8,0
DA:9,0
DA:10,0
DA:11,0
DA:16,1
DA:17,2
DA:19,0
DA:41,2
DA:43,4
DA:45,0
DA:46,0
DA:48,0
DA:49,0
DA:51,0
DA:52,0
LF:18
LH:4
end_of_record
SF:lib\core\database\moor_database.g.dart
DA:18,1
DA:26,0
DA:29,0
DA:30,0
DA:31,0
DA:32,0
DA:33,0
DA:35,0
DA:36,0
DA:37,0
DA:38,0
DA:40,0
DA:43,0
DA:45,0
DA:46,0
DA:47,0
DA:49,0
DA:50,0
DA:52,0
DA:53,0
DA:55,0
DA:56,0
DA:58,0
DA:59,0
DA:61,0
DA:62,0
DA:64,0
DA:65,0
DA:70,0
DA:71,0
DA:72,0
DA:73,0
DA:75,0
DA:76,0
DA:77,0
DA:79,0
DA:80,0
DA:82,0
DA:86,0
DA:88,0
DA:89,0
DA:90,0
DA:91,0
DA:92,0
DA:93,0
DA:94,0
DA:95,0
DA:96,0
DA:99,0
DA:101,0
DA:102,0
DA:103,0
DA:104,0
DA:105,0
DA:106,0
DA:107,0
DA:108,0
DA:109,0
DA:113,0
DA:121,0
DA:122,0
DA:123,0
DA:124,0
DA:125,0
DA:126,0
DA:127,0
DA:128,0
DA:130,0
DA:132,0
DA:133,0
DA:134,0
DA:135,0
DA:136,0
DA:137,0
DA:138,0
DA:139,0
DA:140,0
DA:141,0
DA:144,0
DA:145,0
DA:146,0
DA:147,0
DA:148,0
DA:149,0
DA:150,0
DA:151,0
DA:152,0
DA:153,0
DA:154,0
DA:155,0
DA:158,0
DA:159,0
DA:160,0
DA:161,0
DA:162,0
DA:163,0
DA:164,0
DA:165,0
DA:176,0
DA:185,0
DA:193,0
DA:194,0
DA:195,0
DA:196,0
DA:197,0
DA:198,0
DA:199,0
DA:208,0
DA:209,0
DA:210,0
DA:211,0
DA:212,0
DA:213,0
DA:214,0
DA:215,0
DA:219,0
DA:227,0
DA:228,0
DA:229,0
DA:230,0
DA:231,0
DA:232,0
DA:233,0
DA:234,0
DA:238,0
DA:240,0
DA:241,0
DA:242,0
DA:244,0
DA:245,0
DA:247,0
DA:248,0
DA:250,0
DA:251,0
DA:253,0
DA:254,0
DA:256,0
DA:257,0
DA:259,0
DA:260,0
DA:265,0
DA:267,0
DA:268,0
DA:269,0
DA:270,0
DA:271,0
DA:272,0
DA:273,0
DA:274,0
DA:275,0
DA:276,0
DA:284,1
DA:287,0
DA:288,0
DA:289,0
DA:290,0
DA:292,0
DA:299,0
DA:300,0
DA:301,0
DA:302,0
DA:304,0
DA:311,0
DA:312,0
DA:313,0
DA:314,0
DA:316,0
DA:323,0
DA:324,0
DA:325,0
DA:326,0
DA:328,0
DA:335,0
DA:336,0
DA:337,0
DA:338,0
DA:344,0
DA:345,0
DA:346,0
DA:347,0
DA:349,0
DA:357,0
DA:359,0
DA:360,0
DA:361,0
DA:363,0
DA:368,0
DA:370,0
DA:371,0
DA:373,1
DA:374,1
DA:377,0
DA:380,0
DA:381,0
DA:382,0
DA:383,0
DA:384,0
DA:386,0
DA:388,0
DA:389,0
DA:390,0
DA:392,0
DA:394,0
DA:395,0
DA:396,0
DA:398,0
DA:400,0
DA:401,0
DA:402,0
DA:404,0
DA:406,0
DA:407,0
DA:409,0
DA:410,0
DA:411,0
DA:413,0
DA:415,0
DA:416,0
DA:417,0
DA:418,0
DA:419,0
DA:421,0
DA:426,0
DA:427,0
DA:428,0
DA:430,0
DA:431,0
DA:434,0
DA:436,0
DA:441,2
DA:443,1
DA:444,2
DA:446,1
DA:447,2
DA:448,0
DA:449,0
DA:450,0
DA:451,0
DA:459,3
DA:460,0
DA:461,0
DA:462,0
DA:463,0
DA:466,1
DA:467,1
DA:469,1
DA:470,1
DA:471,1
DA:474,1
DA:475,1
DA:478,1
DA:479,1
DA:481,3
DA:482,4
LF:254
LH:21
end_of_record
SF:lib\core\models\category.dart
DA:9,1
LF:1
LH:1
end_of_record
SF:lib\core\viewmodels\insert_transaction_model.dart
DA:37,0
DA:39,0
DA:41,0
DA:43,0
DA:44,0
DA:45,0
DA:48,0
DA:49,0
DA:50,0
DA:52,0
DA:56,1
DA:58,6
DA:59,4
DA:60,2
DA:61,1
DA:64,0
DA:65,0
DA:68,1
DA:69,5
DA:70,7
DA:71,5
DA:73,0
DA:77,0
DA:78,0
DA:79,0
DA:81,0
DA:82,0
DA:87,0
DA:88,0
DA:89,0
DA:90,0
DA:91,0
DA:92,0
DA:93,0
DA:95,0
DA:97,0
DA:100,0
DA:101,0
LF:38
LH:9
end_of_record
SF:lib\core\viewmodels\new_transcation_model.dart
DA:12,0
DA:13,0
DA:15,0
DA:18,1
DA:19,2
DA:21,0
DA:25,3
LF:7
LH:3
end_of_record
SF:lib\locator.dart
DA:16,3
DA:18,1
DA:20,4
DA:21,4
DA:22,4
DA:23,4
DA:25,4
DA:26,4
DA:27,4
DA:28,4
DA:29,4
DA:30,4
DA:31,4
DA:32,4
LF:14
LH:14
end_of_record
SF:lib\main.dart
DA:6,0
DA:7,0
DA:8,0
DA:12,0
DA:14,0
DA:17,0
DA:18,0
LF:7
LH:0
end_of_record
SF:lib\ui\views\details_view.dart
DA:10,1
DA:12,1
DA:14,1
DA:15,2
DA:16,0
DA:17,0
DA:18,0
DA:20,1
DA:21,1
DA:22,1
DA:23,1
DA:24,0
DA:25,0
DA:28,1
DA:30,1
DA:31,1
DA:32,1
DA:33,1
DA:34,0
DA:35,0
DA:41,1
DA:42,1
DA:43,1
DA:47,1
DA:48,1
DA:52,1
DA:55,1
DA:56,1
DA:58,0
DA:59,0
DA:60,0
DA:70,0
DA:71,0
DA:73,0
DA:74,0
DA:75,0
DA:77,0
DA:78,0
DA:79,0
DA:80,0
DA:83,0
DA:84,0
DA:86,0
DA:88,0
DA:91,0
DA:92,0
DA:93,0
DA:94,0
LF:48
LH:21
end_of_record
SF:lib\ui\views\edit_view.dart
DA:9,1
DA:11,1
DA:13,1
DA:14,3
DA:15,2
DA:16,1
DA:17,1
DA:19,1
DA:21,1
DA:22,1
DA:23,1
DA:24,3
DA:25,1
DA:26,1
DA:27,2
DA:31,1
DA:32,2
DA:34,1
DA:35,1
DA:36,1
DA:41,1
DA:42,1
DA:44,1
DA:46,1
DA:49,1
DA:52,1
DA:55,1
DA:58,1
DA:59,2
DA:60,0
DA:61,0
DA:65,1
DA:66,1
DA:68,1
DA:69,1
DA:71,1
DA:75,0
DA:76,0
DA:77,0
DA:88,1
DA:90,1
DA:95,1
DA:96,1
DA:97,1
DA:102,1
DA:103,0
DA:104,0
DA:106,1
DA:111,1
DA:112,1
LF:50
LH:43
end_of_record
SF:lib\ui\views\home_view.dart
DA:17,1
DA:19,1
DA:20,2
DA:21,2
DA:22,2
DA:23,1
DA:24,1
DA:25,1
DA:26,2
DA:28,2
DA:29,0
DA:30,1
DA:31,1
DA:32,1
DA:33,1
DA:34,1
DA:35,1
DA:36,1
DA:38,2
DA:41,1
DA:42,0
DA:44,0
DA:46,1
DA:53,1
DA:54,1
DA:55,1
DA:62,1
DA:63,2
DA:64,1
DA:65,0
LF:30
LH:26
end_of_record
SF:lib\ui\views\insert_transaction_view.dart
DA:10,1
DA:11,1
DA:13,1
DA:14,5
DA:15,2
DA:16,1
DA:17,3
DA:19,1
DA:20,1
DA:22,1
DA:23,1
DA:24,1
DA:25,3
DA:26,1
DA:27,1
DA:28,2
DA:32,1
DA:33,2
DA:35,1
DA:36,1
DA:37,1
DA:42,1
DA:43,1
DA:45,1
DA:47,1
DA:50,1
DA:53,1
DA:56,1
DA:57,2
DA:58,0
DA:59,0
DA:63,1
DA:64,1
DA:66,1
DA:67,1
DA:69,1
DA:73,0
DA:74,0
DA:86,1
DA:88,1
DA:93,1
DA:94,1
DA:95,1
DA:100,1
DA:101,0
DA:102,0
DA:104,1
DA:109,1
DA:110,1
LF:49
LH:43
end_of_record
SF:lib\ui\views\new_transaction_view.dart
DA:8,1
DA:10,1
DA:11,2
DA:12,1
DA:13,1
DA:14,2
DA:16,1
DA:17,1
DA:21,1
DA:22,3
DA:24,1
DA:25,0
DA:26,0
DA:27,0
DA:29,1
DA:30,1
DA:31,1
DA:33,1
DA:34,2
DA:35,1
DA:36,1
DA:38,1
DA:39,1
DA:40,1
DA:49,1
LF:25
LH:22
end_of_record
SF:lib\ui\views\piechart_view.dart
DA:9,2
DA:11,1
DA:13,1
DA:14,2
DA:15,2
DA:16,1
DA:17,1
DA:19,2
DA:20,1
DA:21,0
DA:22,0
DA:24,0
DA:26,0
DA:27,0
DA:28,0
DA:29,0
DA:31,0
DA:33,0
DA:34,0
DA:35,0
DA:36,0
DA:38,0
DA:40,0
DA:41,0
DA:43,0
DA:45,0
DA:46,0
DA:47,0
DA:48,0
DA:50,0
DA:52,0
DA:53,0
DA:54,0
DA:55,0
LF:34
LH:9
end_of_record
SF:lib\ui\views\reminder_view.dart
DA:7,2
DA:9,1
DA:11,1
DA:12,2
DA:13,2
DA:14,2
DA:15,2
DA:16,1
DA:17,0
DA:18,0
DA:19,0
DA:20,0
DA:21,0
DA:22,0
DA:23,0
DA:24,0
DA:25,0
LF:17
LH:8
end_of_record
SF:lib\ui\views\spash_view.dart
DA:7,1
DA:9,1
DA:11,2
DA:14,1
DA:15,1
DA:17,1
DA:18,1
DA:20,1
DA:22,1
DA:28,1
DA:30,1
LF:11
LH:11
end_of_record
SF:lib\ui\views\transactions_view.dart
DA:13,1
DA:15,1
DA:16,2
DA:17,2
DA:18,2
DA:19,2
DA:20,2
DA:21,0
DA:22,0
DA:23,0
DA:24,0
DA:25,0
DA:28,0
DA:29,0
DA:31,0
DA:33,0
DA:40,1
DA:41,1
DA:42,1
DA:49,0
DA:50,0
DA:51,0
DA:52,0
LF:23
LH:10
end_of_record
SF:lib\ui\widgets\all_transactions_view_widget\app_drawer.dart
DA:5,0
DA:8,0
DA:10,0
DA:12,0
DA:13,0
DA:15,0
DA:16,0
DA:17,0
DA:23,0
DA:27,0
DA:28,0
DA:29,0
DA:30,0
DA:31,0
DA:34,0
DA:37,0
DA:38,0
DA:39,0
DA:40,0
DA:41,0
DA:44,0
DA:47,0
DA:48,0
DA:49,0
DA:50,0
DA:51,0
DA:54,0
DA:57,0
DA:58,0
DA:59,0
DA:60,0
DA:61,0
DA:64,0
LF:33
LH:0
end_of_record
SF:lib\ui\widgets\all_transactions_view_widget\empty_transaction_widget.dart
DA:5,1
DA:7,1
DA:9,1
DA:11,1
DA:12,1
DA:13,1
DA:14,1
DA:19,1
DA:20,1
DA:23,1
LF:10
LH:10
end_of_record
SF:lib\ui\widgets\all_transactions_view_widget\month_year_picker_widget.dart
DA:10,0
DA:11,0
DA:13,0
DA:15,0
DA:16,0
DA:18,0
DA:25,0
DA:27,0
DA:28,0
DA:30,0
DA:32,0
DA:33,0
DA:34,0
DA:40,0
DA:44,0
DA:45,0
DA:49,0
DA:50,0
DA:51,0
DA:52,0
DA:54,0
DA:55,0
DA:57,0
DA:58,0
DA:63,0
LF:25
LH:0
end_of_record
SF:lib\ui\widgets\home_view_widgets\balance_widget.dart
DA:12,0
DA:14,0
DA:16,0
DA:18,0
DA:20,0
DA:22,0
DA:24,0
DA:25,0
DA:26,0
DA:27,0
DA:29,0
DA:30,0
DA:31,0
DA:32,0
DA:36,0
DA:38,0
DA:40,0
DA:41,0
DA:45,0
DA:46,0
DA:50,0
DA:52,0
DA:54,0
DA:55,0
DA:59,0
DA:60,0
DA:61,0
LF:27
LH:0
end_of_record
SF:lib\core\services\moordatabase_service.dart
DA:6,0
DA:7,0
DA:9,0
DA:11,0
DA:15,1
DA:16,1
DA:18,2
DA:20,1
DA:24,0
DA:25,0
DA:26,0
DA:27,0
DA:31,0
DA:35,0
DA:39,0
DA:45,1
DA:46,2
DA:47,1
DA:48,1
DA:52,0
DA:56,0
DA:60,0
DA:66,0
DA:67,0
DA:70,0
DA:71,0
DA:74,0
DA:75,0
DA:78,1
DA:79,2
DA:80,1
DA:81,1
LF:32
LH:12
end_of_record
SF:lib\core\services\notification_service.dart
DA:6,1
DA:7,2
DA:8,1
DA:11,0
DA:12,0
DA:15,1
DA:18,1
DA:19,1
DA:20,1
DA:22,1
DA:25,2
DA:26,1
DA:29,0
DA:31,0
DA:33,0
DA:35,0
DA:36,0
DA:37,0
DA:40,0
DA:41,0
DA:46,0
DA:47,0
DA:53,0
DA:54,0
DA:55,0
DA:58,0
DA:60,0
DA:63,0
DA:64,0
LF:29
LH:10
end_of_record
SF:lib\core\services\sharedprefs_service.dart
DA:7,1
DA:8,1
DA:11,0
DA:12,0
DA:14,0
DA:16,0
DA:18,0
DA:21,0
DA:23,0
DA:26,0
DA:27,0
LF:11
LH:2
end_of_record
SF:lib\core\viewmodels\base_model.dart
DA:7,2
DA:9,1
DA:10,1
DA:11,1
LF:4
LH:4
end_of_record
SF:lib\core\viewmodels\details_model.dart
DA:16,1
DA:17,1
DA:18,0
DA:20,0
DA:21,0
DA:22,0
DA:25,3
DA:27,1
DA:28,1
DA:29,1
DA:34,1
DA:35,1
DA:36,0
DA:38,4
DA:42,0
DA:43,0
LF:16
LH:9
end_of_record
SF:lib\core\viewmodels\edit_model.dart
DA:41,0
DA:43,0
DA:45,0
DA:47,0
DA:48,0
DA:49,0
DA:52,0
DA:53,0
DA:54,0
DA:56,0
DA:60,0
DA:61,0
DA:64,1
DA:65,5
DA:66,7
DA:67,0
DA:69,4
DA:73,1
DA:75,2
DA:76,2
DA:77,2
DA:78,0
DA:79,0
DA:81,1
DA:82,4
DA:84,3
DA:85,4
DA:86,1
DA:89,0
DA:90,0
DA:91,0
DA:93,0
DA:94,0
DA:99,0
DA:101,0
DA:103,0
DA:104,0
DA:105,0
DA:108,0
DA:110,0
DA:114,0
DA:115,0
LF:42
LH:13
end_of_record
SF:lib\core\viewmodels\home_model.dart
DA:46,0
DA:47,0
DA:48,0
DA:49,0
DA:50,0
DA:51,0
DA:52,0
DA:55,0
DA:56,0
DA:57,0
DA:60,0
DA:61,0
DA:63,0
DA:70,0
DA:71,0
DA:72,0
DA:75,1
DA:76,1
DA:78,4
DA:79,4
DA:81,3
DA:82,0
DA:84,0
DA:85,0
DA:87,0
DA:88,0
DA:90,0
DA:92,0
DA:93,0
DA:96,1
DA:97,2
DA:98,0
DA:100,0
DA:102,0
DA:104,0
DA:109,0
DA:110,0
DA:111,0
DA:114,0
DA:115,0
DA:116,0
DA:119,0
DA:120,0
DA:121,0
DA:123,0
DA:124,0
DA:125,0
DA:128,0
DA:130,0
DA:131,0
DA:132,0
LF:51
LH:7
end_of_record
SF:lib\core\viewmodels\piechart_model.dart
DA:40,1
DA:41,4
DA:43,1
DA:44,1
DA:46,2
DA:47,4
DA:49,0
DA:51,0
DA:52,0
DA:55,0
DA:57,0
DA:58,0
DA:61,0
DA:62,0
DA:64,0
DA:65,0
DA:67,0
DA:69,0
DA:70,0
DA:73,0
DA:76,0
DA:77,0
DA:101,0
DA:110,0
DA:112,0
DA:113,0
DA:114,0
DA:115,0
DA:116,0
DA:117,0
DA:119,0
DA:120,0
DA:121,0
DA:122,0
DA:126,0
DA:127,0
DA:128,0
DA:133,0
DA:134,0
DA:140,0
DA:143,0
DA:144,0
DA:146,0
DA:149,0
DA:152,0
DA:153,0
DA:154,0
DA:155,0
DA:156,0
DA:157,0
DA:158,0
DA:159,0
DA:161,0
DA:162,0
DA:163,0
DA:164,0
DA:165,0
DA:166,0
LF:58
LH:6
end_of_record
SF:lib\core\viewmodels\reminder_model.dart
DA:21,0
DA:22,0
DA:23,0
DA:27,0
DA:28,0
DA:31,0
DA:32,0
DA:34,0
DA:38,0
DA:39,0
DA:41,0
DA:42,0
DA:44,0
DA:48,1
DA:49,2
DA:52,0
DA:53,0
DA:54,0
DA:57,1
DA:58,1
DA:59,1
DA:60,1
DA:61,0
DA:62,0
LF:24
LH:6
end_of_record
SF:lib\core\viewmodels\transactions_model.dart
DA:36,0
DA:37,0
DA:38,0
DA:39,0
DA:40,0
DA:42,0
DA:44,0
DA:47,0
DA:48,0
DA:49,0
DA:52,0
DA:53,0
DA:55,0
DA:62,0
DA:63,0
DA:64,0
DA:67,1
DA:68,1
DA:70,4
DA:71,4
DA:74,1
DA:75,1
DA:77,2
DA:79,0
DA:80,0
DA:83,1
DA:84,2
DA:85,0
DA:87,0
DA:89,0
DA:91,0
DA:96,0
DA:97,0
DA:98,0
DA:101,0
DA:102,0
DA:103,0
DA:106,0
DA:107,0
DA:108,0
DA:110,0
DA:111,0
DA:112,0
DA:115,0
DA:117,0
DA:118,0
DA:119,0
LF:47
LH:9
end_of_record
SF:lib\ui\router.dart
DA:16,0
DA:17,0
DA:18,0
DA:19,0
DA:20,0
DA:21,0
DA:22,0
DA:23,0
DA:24,0
DA:25,0
DA:26,0
DA:27,0
DA:28,0
DA:29,0
DA:30,0
DA:31,0
DA:32,0
DA:33,0
DA:34,0
DA:35,0
DA:36,0
DA:37,0
DA:38,0
DA:39,0
DA:40,0
DA:42,0
DA:43,0
DA:44,0
DA:45,0
LF:29
LH:0
end_of_record
SF:lib\ui\shared\ui_helpers.dart
DA:16,1
DA:17,1
DA:21,1
DA:22,1
DA:26,1
DA:27,1
DA:31,1
DA:32,1
DA:36,0
DA:37,0
DA:41,0
DA:42,0
DA:46,0
DA:47,0
DA:51,0
DA:52,0
LF:16
LH:8
end_of_record
SF:lib\ui\views\base_view.dart
DA:11,1
DA:13,1
DA:14,1
DA:20,1
DA:22,2
DA:23,4
DA:25,1
DA:28,1
DA:30,1
DA:31,2
DA:32,3
LF:11
LH:11
end_of_record
SF:lib\ui\widgets\details_view_widgets\details_card.dart
DA:10,1
DA:12,1
DA:14,1
DA:16,1
DA:18,1
DA:19,1
DA:20,1
DA:21,1
DA:23,1
DA:24,2
DA:25,4
DA:26,1
DA:27,1
DA:28,2
DA:29,4
DA:30,1
DA:33,1
DA:36,1
DA:37,2
LF:19
LH:19
end_of_record
SF:lib\ui\widgets\home_view_widgets\app_drawer.dart
DA:5,1
DA:8,1
DA:10,0
DA:12,0
DA:13,0
DA:15,0
DA:16,0
DA:17,0
DA:23,0
DA:27,0
DA:28,0
DA:30,0
DA:33,0
DA:34,0
DA:35,0
DA:36,0
DA:37,0
DA:40,0
DA:43,0
DA:44,0
DA:45,0
DA:46,0
DA:47,0
DA:50,0
DA:53,0
DA:54,0
DA:55,0
DA:56,0
DA:57,0
DA:60,0
DA:63,0
DA:64,0
DA:65,0
DA:66,0
DA:67,0
DA:70,0
DA:73,0
DA:74,0
DA:75,0
LF:39
LH:2
end_of_record
SF:lib\ui\widgets\home_view_widgets\app_fab.dart
DA:8,1
DA:10,1
DA:12,1
DA:13,0
DA:14,0
DA:15,0
DA:17,1
LF:7
LH:4
end_of_record
SF:lib\ui\widgets\home_view_widgets\app_bar_title_widget.dart
DA:7,2
DA:9,1
DA:11,1
DA:12,0
DA:13,0
DA:15,1
DA:17,1
DA:20,1
DA:21,1
DA:22,1
DA:23,1
DA:25,2
DA:26,0
DA:29,1
LF:14
LH:11
end_of_record
SF:lib\ui\widgets\home_view_widgets\empty_transaction_widget.dart
DA:5,1
DA:7,1
DA:9,1
DA:11,1
DA:12,1
DA:13,1
DA:14,1
DA:19,1
DA:20,1
DA:23,1
LF:10
LH:10
end_of_record
SF:lib\ui\widgets\home_view_widgets\month_year_picker_widget.dart
DA:10,0
DA:11,0
DA:13,0
DA:15,0
DA:16,0
DA:18,0
DA:25,0
DA:27,0
DA:28,0
DA:30,0
DA:32,0
DA:33,0
DA:34,0
DA:40,0
DA:44,0
DA:45,0
DA:49,0
DA:50,0
DA:51,0
DA:52,0
DA:54,0
DA:55,0
DA:57,0
DA:58,0
DA:63,0
LF:25
LH:0
end_of_record
SF:lib\ui\widgets\home_view_widgets\summary_widget.dart
DA:12,1
DA:14,1
DA:16,1
DA:18,1
DA:20,1
DA:22,1
DA:23,1
DA:24,1
DA:25,1
DA:26,2
DA:27,2
DA:28,2
DA:34,1
DA:37,1
DA:44,1
DA:45,1
DA:47,1
DA:48,1
DA:49,1
DA:50,1
DA:51,1
DA:52,3
DA:56,1
DA:58,1
DA:59,1
DA:60,1
DA:64,1
DA:65,4
DA:69,1
DA:71,1
DA:72,1
DA:73,1
DA:77,1
DA:78,5
DA:79,4
LF:35
LH:35
end_of_record
SF:lib\ui\widgets\home_view_widgets\transactions_listview_widget.dart
DA:9,0
DA:14,0
DA:15,0
DA:19,0
DA:21,0
DA:22,0
DA:23,0
DA:24,0
DA:25,0
DA:26,0
DA:27,0
DA:28,0
DA:29,0
DA:30,0
DA:32,0
DA:33,0
DA:37,0
DA:38,0
DA:39,0
DA:40,0
DA:41,0
DA:43,0
DA:44,0
DA:45,0
DA:46,0
DA:48,0
DA:49,0
DA:50,0
DA:51,0
DA:52,0
DA:56,0
DA:59,0
DA:60,0
DA:62,0
DA:63,0
DA:64,0
DA:66,0
DA:67,0
DA:68,0
DA:69,0
DA:70,0
DA:71,0
DA:78,0
LF:43
LH:0
end_of_record
SF:lib\ui\widgets\new_transaction_view_widget\transaction_type_spinner.dart
DA:6,1
DA:8,1
DA:10,1
DA:11,1
DA:12,1
DA:13,1
DA:14,1
DA:17,1
DA:18,1
DA:22,0
DA:23,0
LF:11
LH:9
end_of_record
SF:lib\ui\widgets\all_transactions_view_widget\app_bar_title_widget.dart
DA:7,2
DA:9,1
DA:11,1
DA:12,0
DA:13,0
DA:15,1
DA:17,1
DA:20,1
DA:21,1
DA:22,1
DA:23,1
DA:25,2
DA:26,0
DA:29,1
LF:14
LH:11
end_of_record
SF:lib\ui\widgets\all_transactions_view_widget\transactions_listview_widget.dart
DA:9,0
DA:14,0
DA:15,0
DA:19,0
DA:21,0
DA:22,0
DA:23,0
DA:24,0
DA:25,0
DA:26,0
DA:27,0
DA:28,0
DA:29,0
DA:30,0
DA:32,0
DA:33,0
DA:37,0
DA:38,0
DA:39,0
DA:40,0
DA:41,0
DA:43,0
DA:44,0
DA:45,0
DA:46,0
DA:48,0
DA:49,0
DA:50,0
DA:51,0
DA:52,0
DA:56,0
DA:59,0
DA:60,0
DA:62,0
DA:63,0
DA:64,0
DA:66,0
DA:67,0
DA:68,0
DA:69,0
DA:70,0
DA:71,0
DA:78,0
LF:43
LH:0
end_of_record
SF:lib\ui\widgets\details_view_widgets\details_table.dart
DA:5,1
DA:8,1
DA:12,1
DA:14,1
DA:15,2
DA:16,1
DA:17,1
DA:18,1
DA:19,1
DA:21,1
DA:26,1
DA:27,2
DA:29,1
DA:36,1
DA:37,1
DA:38,1
DA:40,1
DA:45,1
DA:46,3
DA:48,1
DA:55,1
DA:56,1
DA:57,1
DA:59,1
DA:64,1
DA:65,6
DA:67,1
DA:74,1
DA:75,1
DA:76,1
DA:78,1
DA:83,1
DA:84,2
DA:85,1
LF:34
LH:34
end_of_record
